{
  "RSpec": {
    "coverage": {
      "/Users/reenakoudi/Projects/Bank/spec/account_spec.rb": [
        1,
        null,
        1,
        4,
        null,
        1,
        1,
        1,
        null,
        null,
        null,
        1,
        1,
        1,
        1,
        null,
        null,
        1,
        2,
        null,
        null,
        null,
        null
      ],
      "/Users/reenakoudi/Projects/Bank/lib/account.rb": [
        1,
        null,
        1,
        null,
        1,
        3,
        null,
        null,
        1,
        2,
        null,
        null,
        1,
        2,
        1,
        null,
        null
      ]
    },
    "timestamp": 1524485638
  }
}
